14/Sep/2023:06:27:22 +0000 GET /api/users/6501cd8c7717641a6d3abf36 404 50.658 ms
14/Sep/2023:06:52:44 +0000 GET /api/cards/my-%20cards 400 3.196 ms
14/Sep/2023:06:53:39 +0000 GET /api/cards/my-%20cards 400 2.326 ms
14/Sep/2023:06:54:52 +0000 GET /api/cards/my-%20cards 400 1.155 ms
14/Sep/2023:06:56:15 +0000 GET /api/cards/my-%20cards 400 1.438 ms
14/Sep/2023:07:46:48 +0000 POST /api/users/password/diklalavy@gmail.com 404 10.209 ms
14/Sep/2023:08:36:49 +0000 GET /api/cards/my-cards 429 10.105 ms
14/Sep/2023:08:36:58 +0000 GET /api/cards/ 429 1.028 ms
14/Sep/2023:08:37:08 +0000 GET /api/cards/favorites 429 0.564 ms
14/Sep/2023:08:37:28 +0000 GET /api/users/6502a7bceac9752af05eee41 429 1.006 ms
14/Sep/2023:08:37:28 +0000 GET /api/cards/favorites 429 0.758 ms
14/Sep/2023:09:02:33 +0000 POST /api/users/login 400 6.981 ms
14/Sep/2023:09:02:44 +0000 POST /api/users/login 400 6.254 ms
14/Sep/2023:09:02:54 +0000 POST /api/users/login 400 9.223 ms
14/Sep/2023:09:04:14 +0000 PATCH /api/users/6502a7bceac9752af05eee41 401 1.786 ms
14/Sep/2023:09:04:17 +0000 PATCH /api/users/6502a7bceac9752af05eee41 401 1.717 ms
14/Sep/2023:09:04:18 +0000 PATCH /api/users/6502a7bceac9752af05eee41 401 2.039 ms
14/Sep/2023:09:04:19 +0000 PATCH /api/users/6502a7bceac9752af05eee41 401 1.322 ms
14/Sep/2023:09:04:41 +0000 GET /api/users/6502a7bceac9752af05eee37 401 1.631 ms
14/Sep/2023:09:05:14 +0000 POST /api/users/login 400 6.345 ms
14/Sep/2023:09:08:22 +0000 POST /api/users/login 400 139.925 ms
14/Sep/2023:09:41:05 +0000 POST /api/users/login 400 137.426 ms
14/Sep/2023:10:03:24 +0000 GET /api/cards/6502a7bceac9752af05eee53 429 7.905 ms
14/Sep/2023:10:03:51 +0000 GET /api/cards/ 429 1.355 ms
14/Sep/2023:12:20:11 +0000 GET /edit/n 404 2.513 ms
14/Sep/2023:13:37:23 +0000 PATCH /api/cards/6502dbc68c7ee4c0cf142b4c 429 1.458 ms
14/Sep/2023:13:39:15 +0000 PATCH /api/cards/6502a7bceac9752af05eee47 429 1.382 ms
14/Sep/2023:13:47:54 +0000 PATCH /api/cards/6502a7bceac9752af05eee47 500 3.530 ms
14/Sep/2023:13:47:54 +0000 PATCH /api/cards/6502a7bceac9752af05eee47 500 1.865 ms
14/Sep/2023:13:49:44 +0000 PATCH /api/cards/6502db0c8c7ee4c0cf14296e 429 0.678 ms
14/Sep/2023:14:02:00 +0000 PATCH /api/cards/6502a7bceac9752af05eee53 429 1.507 ms
14/Sep/2023:14:02:06 +0000 PATCH /api/cards/6502a7bceac9752af05eee53 429 1.531 ms
14/Sep/2023:14:02:39 +0000 POST /api/users/login 429 21.288 ms
14/Sep/2023:14:13:46 +0000 PATCH /api/cards/6502a7bceac9752af05eee53 429 2.936 ms
14/Sep/2023:14:59:55 +0000 GET /api/users/6502a7bceac9752af05eee41 401 40.484 ms
14/Sep/2023:15:00:21 +0000 GET /api/users/6502a7bceac9752af05eee41 401 2.836 ms
14/Sep/2023:15:03:47 +0000 GET /api/users/64fec62d2b4015d72c11447f 429 2.021 ms
14/Sep/2023:15:04:32 +0000 POST /api/users/login 429 4.140 ms
14/Sep/2023:15:05:07 +0000 POST /api/users/login 429 1.170 ms
14/Sep/2023:15:05:23 +0000 POST /api/users/login 429 1.457 ms
