06/Sep/2023:04:38:18 +0000 POST /api/users/password_reset 400 206.107 ms
06/Sep/2023:04:39:50 +0000 POST /api/users/password_reset 400 30.512 ms
06/Sep/2023:04:40:13 +0000 POST /api/users/password_reset 400 50.371 ms
06/Sep/2023:05:02:24 +0000 POST /api/users/password_reset 400 40.428 ms
06/Sep/2023:05:05:23 +0000 POST /api/users/password_reset 400 36.864 ms
06/Sep/2023:05:05:26 +0000 POST /api/users/password_reset 400 5.466 ms
06/Sep/2023:05:18:01 +0000 POST /api/users/login 404 4.144 ms
06/Sep/2023:05:21:07 +0000 POST /api/users/login 404 45.668 ms
06/Sep/2023:05:22:02 +0000 POST /api/users/login 404 4.053 ms
06/Sep/2023:05:24:54 +0000 POST /api/users/login 404 1.580 ms
06/Sep/2023:05:25:06 +0000 POST /api/users/login 404 2.127 ms
06/Sep/2023:05:26:34 +0000 POST /api/users/login 404 1.575 ms
06/Sep/2023:05:27:19 +0000 POST /api/users/login 404 1.172 ms
06/Sep/2023:05:29:45 +0000 GET /main.ed9b50800c007e3348d6.hot-update.json 404 16.580 ms
06/Sep/2023:05:29:55 +0000 POST /api/users/login 404 45.540 ms
06/Sep/2023:05:32:10 +0000 POST /api/users/login 404 3.015 ms
06/Sep/2023:05:33:28 +0000 POST /api/users/login 400 23.470 ms
06/Sep/2023:05:34:00 +0000 POST /api/users/login 400 5.103 ms
06/Sep/2023:05:34:32 +0000 POST /api/users/password_reset 400 7.806 ms
06/Sep/2023:05:43:42 +0000 POST /api/users/password/diklalavy@gmail.com 404 28.692 ms
06/Sep/2023:05:44:51 +0000 POST /api/users 400 178.598 ms
06/Sep/2023:05:54:26 +0000 POST /api/users/login 400 127.564 ms
06/Sep/2023:09:54:56 +0000 POST /api/users/password_reset 400 20.274 ms
06/Sep/2023:10:01:40 +0000 POST /api/users/password_reset 400 178.159 ms
06/Sep/2023:10:08:25 +0000 POST /api/users/password_reset 400 147.714 ms
06/Sep/2023:11:12:39 +0000 POST /api/users/password_reset/ 400 95.383 ms
06/Sep/2023:12:15:20 +0000 POST /api/users/password_reset/ 400 42.802 ms
06/Sep/2023:12:36:51 +0000 POST /api/users/password_reset/ 400 89.805 ms
06/Sep/2023:12:49:31 +0000 POST /api/users/password_reset/ 400 102.404 ms
06/Sep/2023:12:51:36 +0000 POST /api/users/password_reset/ 400 164.944 ms
06/Sep/2023:12:52:31 +0000 POST /api/users/password_reset/ 400 93.558 ms
06/Sep/2023:12:53:24 +0000 POST /api/users/password_reset/ 400 34.665 ms
06/Sep/2023:12:54:57 +0000 POST /api/users/password_reset/ 400 170.376 ms
06/Sep/2023:12:56:48 +0000 POST /api/users/password_reset/ 400 153.454 ms
06/Sep/2023:12:57:20 +0000 POST /api/users/password_reset/ 400 6.684 ms
06/Sep/2023:12:58:11 +0000 POST /api/users/password_reset/ 400 173.189 ms
06/Sep/2023:13:00:22 +0000 POST /api/users/password_reset/ 400 166.599 ms
06/Sep/2023:13:52:21 +0000 POST /api/users/password_reset/ 404 23.384 ms
06/Sep/2023:13:53:07 +0000 POST /api/users/password_reset/ 404 14.718 ms
06/Sep/2023:13:56:57 +0000 POST /api/users/password_reset/ 404 22.569 ms
06/Sep/2023:13:58:47 +0000 POST /api/users/password_reset/ 404 15.998 ms
06/Sep/2023:14:00:18 +0000 POST /api/users/password_reset/ 404 25.622 ms
06/Sep/2023:14:01:56 +0000 POST /api/users/password_reset/ 404 26.084 ms
06/Sep/2023:14:09:39 +0000 POST /api/users/password_reset/ 400 38.173 ms
06/Sep/2023:14:10:14 +0000 POST /api/users/password_reset/ 400 27.026 ms
06/Sep/2023:14:10:20 +0000 POST /api/users/password/diklalavy@gmail.com 404 4.807 ms
06/Sep/2023:14:10:25 +0000 POST /api/users/password/diklalavy@gmail.com 404 1.648 ms
06/Sep/2023:14:10:29 +0000 POST /api/users/password/diklalavy@gmail.com 404 1.238 ms
06/Sep/2023:14:10:33 +0000 POST /api/users/password/diklalavy@gmail.com 404 1.240 ms
06/Sep/2023:17:49:05 +0000 POST /api/users/password_reset/ 400 58.588 ms
06/Sep/2023:17:55:55 +0000 POST /api/users/password_reset/ 400 55.802 ms
06/Sep/2023:18:28:49 +0000 POST /api/users/password_reset/ 400 59.467 ms
06/Sep/2023:18:29:55 +0000 POST /api/users/password_reset/ 400 34.222 ms
06/Sep/2023:18:30:30 +0000 POST /api/users/password_reset/ 400 18.579 ms
06/Sep/2023:18:30:33 +0000 POST /api/users/password_reset/ 400 14.315 ms
06/Sep/2023:18:31:10 +0000 POST /api/users/password_reset/ 400 24.139 ms
