03/Sep/2023:06:04:25 +0000 POST /api/api/password/ 404 11.869 ms
03/Sep/2023:06:06:03 +0000 POST /api/users/password/julia@gmail.com 400 17.607 ms
03/Sep/2023:06:11:37 +0000 POST /api/users/password/julia@gmail.com 400 22.099 ms
03/Sep/2023:06:11:38 +0000 POST /api/users/password/julia@gmail.com 400 20.337 ms
03/Sep/2023:06:11:40 +0000 POST /api/users/password/julia@gmail.com 400 10.147 ms
03/Sep/2023:06:12:44 +0000 POST /api/users/password/julia@gmail.com 400 9.674 ms
03/Sep/2023:06:14:19 +0000 POST /api/api/password/ 404 1.204 ms
03/Sep/2023:06:14:29 +0000 POST /api/api/password/ 404 0.946 ms
03/Sep/2023:06:18:44 +0000 POST /api/api/password/ 404 0.852 ms
03/Sep/2023:06:19:02 +0000 POST /api/users/password/julia@gmail.com 400 10.717 ms
03/Sep/2023:06:20:53 +0000 POST /api/users/password/julia@gmail.com 400 23.323 ms
03/Sep/2023:06:20:55 +0000 POST /api/users/password/julia@gmail.com 400 8.729 ms
03/Sep/2023:06:21:05 +0000 POST /api/users/password/julia@gmail.com 400 8.064 ms
03/Sep/2023:06:21:07 +0000 POST /api/users/password/julia@gmail.com 400 5.693 ms
03/Sep/2023:06:21:14 +0000 POST /api/users/password/julia@gmail.com 400 7.611 ms
03/Sep/2023:06:23:37 +0000 POST /api/api/password/ 404 2.508 ms
03/Sep/2023:06:26:19 +0000 POST /api/api/password/ 404 1.787 ms
03/Sep/2023:06:27:19 +0000 POST /api/api/password/ 404 1.396 ms
03/Sep/2023:06:28:32 +0000 POST /api/users/password/ 404 0.859 ms
03/Sep/2023:06:35:58 +0000 GET /main.16c2fb2cb46e02e3d345.hot-update.json 404 28.743 ms
03/Sep/2023:06:36:07 +0000 POST /api/users/password/ 404 8.516 ms
03/Sep/2023:06:39:43 +0000 POST /api/users/password/ 404 0.987 ms
03/Sep/2023:06:41:10 +0000 POST /api/users/password/ 404 0.699 ms
03/Sep/2023:06:43:09 +0000 POST /api/users/password/ 404 6.251 ms
03/Sep/2023:13:15:02 +0000 POST /api/users/password/ffff@gmail.com 404 48.083 ms
