04/Sep/2023:07:46:45 +0000 POST /api/users/password/diklalavy@gmail.com 404 7.395 ms
04/Sep/2023:07:47:27 +0000 POST /api/users/password/sssss@gmail.com 404 6.632 ms
04/Sep/2023:07:48:55 +0000 POST /api/users/password/diklalavy@gmail.com 404 6.333 ms
04/Sep/2023:07:49:52 +0000 POST /api/users/password/diklalavy@gmail.com 404 8.867 ms
04/Sep/2023:07:51:13 +0000 POST /api/users/password/diklalavy@gmail.com 404 3.987 ms
04/Sep/2023:07:59:11 +0000 POST /api/users/password/ffff 404 10.244 ms
04/Sep/2023:07:59:14 +0000 POST /api/users/password/ffff 404 47.863 ms
04/Sep/2023:07:59:39 +0000 POST /api/users/password/diklalvy@gmail.com 404 11.982 ms
04/Sep/2023:08:00:47 +0000 POST /api/users/password/diklalvy@gmail.com 404 5.454 ms
04/Sep/2023:08:00:56 +0000 POST /api/users/password/diklalvy@gmail.com 404 8.793 ms
04/Sep/2023:08:03:44 +0000 POST /api/users/password/diklalvy@gmail.com 404 4.420 ms
04/Sep/2023:08:05:00 +0000 POST /api/users/password/diklalvy@gmail.com 404 4.124 ms
04/Sep/2023:08:05:41 +0000 POST /api/users/password/diklalvy@gmail.com 404 4.769 ms
04/Sep/2023:08:07:45 +0000 POST /api/users/password/diklalvy@gmail.com 404 10.553 ms
04/Sep/2023:08:08:27 +0000 POST /api/users/password/diklalvy@gmail.com 404 5.813 ms
04/Sep/2023:08:09:07 +0000 POST /api/users/password/diklalvy@gmail.com 404 7.459 ms
04/Sep/2023:08:11:40 +0000 POST /api/users/password/diklaavy@gmail.com 404 8.203 ms
04/Sep/2023:08:14:08 +0000 POST /api/password/undefined 404 8.748 ms
04/Sep/2023:08:21:50 +0000 POST /api/password/undefined 404 16.505 ms
04/Sep/2023:08:23:04 +0000 POST /api/password/undefined 404 3.878 ms
04/Sep/2023:10:21:41 +0000 POST /api/password/undefined 404 57.360 ms
04/Sep/2023:10:27:11 +0000 POST /api/password/eyJhbGciOiJIUzI1NiIsInR5cCI6IkpXVCJ9.eyJ1c2VyRW1haWwiOiJkaWtsYWxhdnlAZ21haWwuY29tIiwiaWF0IjoxNjkzODIyNzIzLCJleHAiOjE2OTM4MjYzMjN9.mH_3HMVVeOE414gJRSGe05w2WHHQMIgrNwpRXRVvC_Y 404 2.719 ms
04/Sep/2023:10:43:17 +0000 POST /api/password/eyJhbGciOiJIUzI1NiIsInR5cCI6IkpXVCJ9.eyJ1c2VyRW1haWwiOiJkaWtsYWxhdnlAZ21haWwuY29tIiwiaWF0IjoxNjkzODE4OTMwLCJleHAiOjE2OTM4MjI1MzB9.lK8qLblvPrpbL6C3eCW38_F8il9msSCc8JjRjrnPUdE 404 1.466 ms
04/Sep/2023:10:43:20 +0000 GET /password/eyJhbGciOiJIUzI1NiIsInR5cCI6IkpXVCJ9.eyJ1c2VyRW1haWwiOiJkaWtsYWxhdnlAZ21haWwuY29tIiwiaWF0IjoxNjkzODE4OTMwLCJleHAiOjE2OTM4MjI1MzB9.lK8qLblvPrpbL6C3eCW38_F8il9msSCc8JjRjrnPUdE 404 12.958 ms
04/Sep/2023:10:43:36 +0000 POST /api/password/eyJhbGciOiJIUzI1NiIsInR5cCI6IkpXVCJ9.eyJ1c2VyRW1haWwiOiJkaWtsYWxhdnlAZ21haWwuY29tIiwiaWF0IjoxNjkzODE4OTMwLCJleHAiOjE2OTM4MjI1MzB9.lK8qLblvPrpbL6C3eCW38_F8il9msSCc8JjRjrnPUdE 404 1.015 ms
04/Sep/2023:10:46:08 +0000 POST /api/users/password/eyJhbGciOiJIUzI1NiIsInR5cCI6IkpXVCJ9.eyJ1c2VyRW1haWwiOiJkaWtsYWxhdnlAZ21haWwuY29tIiwiaWF0IjoxNjkzODE4OTMwLCJleHAiOjE2OTM4MjI1MzB9.lK8qLblvPrpbL6C3eCW38_F8il9msSCc8JjRjrnPUdE 404 145.592 ms
04/Sep/2023:10:49:05 +0000 POST /api/users/password/eyJhbGciOiJIUzI1NiIsInR5cCI6IkpXVCJ9.eyJ1c2VyRW1haWwiOiJkaWtsYWxhdnlAZ21haWwuY29tIiwiaWF0IjoxNjkzODE4OTMwLCJleHAiOjE2OTM4MjI1MzB9.lK8qLblvPrpbL6C3eCW38_F8il9msSCc8JjRjrnPUdE 404 6.594 ms
04/Sep/2023:10:50:29 +0000 POST /api/users/password/eyJhbGciOiJIUzI1NiIsInR5cCI6IkpXVCJ9.eyJ1c2VyRW1haWwiOiJkaWtsYWxhdnlAZ21haWwuY29tIiwiaWF0IjoxNjkzODIyNzIzLCJleHAiOjE2OTM4MjYzMjN9.mH_3HMVVeOE414gJRSGe05w2WHHQMIgrNwpRXRVvC_Y 404 9.131 ms
04/Sep/2023:10:51:11 +0000 POST /api/users/password/eyJhbGciOiJIUzI1NiIsInR5cCI6IkpXVCJ9.eyJ1c2VyRW1haWwiOiJkaWtsYWxhdnlAZ21haWwuY29tIiwiaWF0IjoxNjkzODIyNzIzLCJleHAiOjE2OTM4MjYzMjN9.mH_3HMVVeOE414gJRSGe05w2WHHQMIgrNwpRXRVvC_Y 404 8.242 ms
04/Sep/2023:12:15:20 +0000 POST /api/users/password_reset/eyJhbGciOiJIUzI1NiIsInR5cCI6IkpXVCJ9.eyJ1c2VyRW1haWwiOiJkaWtsYWxhdnlAZ21haWwuY29tIiwiaWF0IjoxNjkzODIyNzIzLCJleHAiOjE2OTM4MjYzMjN9.mH_3HMVVeOE414gJRSGe05w2WHHQMIgrNwpRXRVvC_Y 400 36.923 ms
04/Sep/2023:12:15:36 +0000 POST /api/users/password/ 404 3.278 ms
04/Sep/2023:12:16:51 +0000 POST /api/users/password_reset/eyJhbGciOiJIUzI1NiIsInR5cCI6IkpXVCJ9.eyJ1c2VyRW1haWwiOiJkaWtsYWxhdnlAZ21haWwuY29tIiwiaWF0IjoxNjkzODI5NzQxLCJleHAiOjE2OTM4MzMzNDF9.PqF3lOEmGinM3HWnbYlOjQfwhwg8RWB_BdvY5AGg28g 400 8.627 ms
04/Sep/2023:12:18:20 +0000 POST /api/users/password_reset/eyJhbGciOiJIUzI1NiIsInR5cCI6IkpXVCJ9.eyJ1c2VyRW1haWwiOiJkaWtsYWxhdnlAZ21haWwuY29tIiwiaWF0IjoxNjkzODI5NzQxLCJleHAiOjE2OTM4MzMzNDF9.PqF3lOEmGinM3HWnbYlOjQfwhwg8RWB_BdvY5AGg28g 400 20.947 ms
04/Sep/2023:12:19:50 +0000 POST /api/users/password_reset/eyJhbGciOiJIUzI1NiIsInR5cCI6IkpXVCJ9.eyJ1c2VyRW1haWwiOiJkaWtsYWxhdnlAZ21haWwuY29tIiwiaWF0IjoxNjkzODI5NzQxLCJleHAiOjE2OTM4MzMzNDF9.PqF3lOEmGinM3HWnbYlOjQfwhwg8RWB_BdvY5AGg28g 400 229.710 ms
04/Sep/2023:12:58:24 +0000 POST /api/users/password_reset/eyJhbGciOiJIUzI1NiIsInR5cCI6IkpXVCJ9.eyJ1c2VyRW1haWwiOiJkaWtsYWxhdnlAZ21haWwuY29tIiwiaWF0IjoxNjkzODI5NzQxLCJleHAiOjE2OTM4MzMzNDF9.PqF3lOEmGinM3HWnbYlOjQfwhwg8RWB_BdvY5AGg28g 404 38.597 ms
04/Sep/2023:13:13:25 +0000 POST /api/users/password_reset 400 56.651 ms
04/Sep/2023:13:14:58 +0000 POST /api/users/password_reset/eyJhbGciOiJIUzI1NiIsInR5cCI6IkpXVCJ9.eyJ1c2VyRW1haWwiOiJkaWtsYWxhdnlAZ21haWwuY29tIiwiaWF0IjoxNjkzODIyNzIzLCJleHAiOjE2OTM4MjYzMjN9.mH_3HMVVeOE414gJRSGe05w2WHHQMIgrNwpRXRVvC_Y 404 6.547 ms
04/Sep/2023:13:15:14 +0000 POST /api/users/password_reset/ 400 3.053 ms
04/Sep/2023:13:15:59 +0000 POST /api/users/password_reset 400 19.525 ms
04/Sep/2023:13:29:10 +0000 POST /api/users/password_reset/ 400 7.629 ms
04/Sep/2023:13:30:43 +0000 POST /api/users/password_reset/ 400 51.045 ms
04/Sep/2023:13:32:50 +0000 POST /api/users/password_reset/ 400 208.478 ms
04/Sep/2023:13:36:29 +0000 POST /api/users/login 400 242.107 ms
04/Sep/2023:13:37:17 +0000 POST /api/users/login 400 219.648 ms
04/Sep/2023:13:38:20 +0000 POST /api/users/login 400 195.854 ms
04/Sep/2023:13:38:45 +0000 POST /api/users/login 400 7.421 ms
05/Sep/2023:05:35:35 +0000 POST /api/users/login 400 13.035 ms
05/Sep/2023:05:39:06 +0000 POST /api/users/login 400 220.811 ms
05/Sep/2023:05:40:38 +0000 POST /api/users/login 400 7.577 ms
05/Sep/2023:05:49:27 +0000 POST /api/users/login 400 208.966 ms
05/Sep/2023:05:53:38 +0000 POST /api/users/login 400 5.828 ms
05/Sep/2023:07:14:46 +0000 POST /api/users/login 400 201.967 ms
